TN:
SF:src/cache.ts
FN:10,cacheGet
FN:14,cacheSet
FN:18,key
FNF:3
FNH:3
FNDA:3,cacheGet
FNDA:2,cacheSet
FNDA:2,key
DA:1,1
DA:5,1
DA:6,1
DA:8,1
DA:10,1
DA:11,3
DA:12,3
DA:14,1
DA:15,2
DA:16,2
DA:18,1
DA:19,2
DA:20,2
LF:13
LH:13
BRDA:10,0,0,3
BRDA:14,1,0,2
BRDA:18,2,0,2
BRDA:19,3,0,5
BRDA:19,4,0,2
BRDA:19,5,0,3
BRF:6
BRH:6
end_of_record
TN:
SF:src/cli.ts
FN:7,isPeriod
FN:11,run
FN:98,help
FNF:3
FNH:3
FNDA:3,isPeriod
FNDA:17,run
FNDA:1,help
DA:1,1
DA:7,3
DA:8,3
DA:9,3
DA:11,17
DA:12,17
DA:13,17
DA:19,17
DA:20,17
DA:21,17
DA:22,17
DA:23,17
DA:24,17
DA:25,17
DA:26,17
DA:27,17
DA:28,16
DA:29,17
DA:30,4
DA:31,4
DA:32,4
DA:33,4
DA:34,3
DA:35,3
DA:36,3
DA:37,17
DA:38,3
DA:39,3
DA:40,3
DA:41,2
DA:42,3
DA:43,3
DA:44,3
DA:45,2
DA:46,3
DA:47,3
DA:48,3
DA:49,17
DA:50,3
DA:51,3
DA:52,3
DA:53,2
DA:54,2
DA:55,2
DA:56,2
DA:57,2
DA:58,2
DA:59,2
DA:60,2
DA:61,3
DA:62,3
DA:63,3
DA:64,3
DA:65,3
DA:66,3
DA:67,3
DA:68,3
DA:69,3
DA:70,3
DA:71,3
DA:72,17
DA:73,3
DA:74,3
DA:75,3
DA:76,3
DA:77,2
DA:78,2
DA:79,2
DA:80,2
DA:81,17
DA:82,2
DA:83,2
DA:84,2
DA:85,1
DA:86,1
DA:87,1
DA:88,1
DA:89,1
DA:90,1
DA:91,17
DA:92,6
DA:93,6
DA:94,6
DA:95,6
DA:96,17
DA:98,1
DA:99,1
DA:100,1
DA:101,1
DA:102,1
LF:90
LH:90
BRDA:105,0,0,1
BRDA:7,1,0,3
BRDA:8,2,0,2
BRDA:8,3,0,1
BRDA:11,4,0,17
BRDA:21,5,0,13
BRDA:22,6,0,9
BRDA:23,7,0,11
BRDA:24,8,0,14
BRDA:27,9,0,16
BRDA:27,10,0,1
BRDA:27,11,0,16
BRDA:29,12,0,4
BRDA:32,13,0,2
BRDA:32,14,0,2
BRDA:32,15,0,1
BRDA:33,16,0,3
BRDA:36,17,0,12
BRDA:37,18,0,3
BRDA:38,19,0,1
BRDA:40,20,0,1
BRDA:40,21,0,2
BRDA:42,22,0,1
BRDA:42,23,0,1
BRDA:43,24,0,1
BRDA:43,25,0,2
BRDA:44,26,0,1
BRDA:44,27,0,2
BRDA:46,28,0,1
BRDA:48,29,0,9
BRDA:49,30,0,3
BRDA:50,31,0,1
BRDA:52,32,0,1
BRDA:52,33,0,2
BRDA:61,34,0,1
BRDA:61,35,0,1
BRDA:71,36,0,6
BRDA:72,37,0,3
BRDA:73,38,0,1
BRDA:74,39,0,1
BRDA:74,40,0,1
BRDA:75,41,0,2
BRDA:75,42,0,1
BRDA:76,43,0,1
BRDA:76,44,0,2
BRDA:81,45,0,2
BRDA:82,46,0,1
BRDA:84,47,0,1
BRDA:89,48,0,1
BRDA:91,49,0,6
BRDA:92,50,0,5
BRDA:92,51,0,1
BRDA:98,52,0,1
BRF:53
BRH:53
end_of_record
TN:
SF:src/downloads.ts
FN:10,downloadsLast
FNF:1
FNH:1
FNDA:4,downloadsLast
DA:1,1
DA:10,4
DA:11,4
DA:12,4
DA:13,4
DA:14,4
DA:15,4
DA:16,4
DA:17,4
DA:18,4
DA:19,3
DA:20,3
LF:12
LH:12
BRDA:10,0,0,4
BRDA:18,1,0,1
BRDA:18,2,0,3
BRF:3
BRH:3
end_of_record
TN:
SF:src/github.ts
FN:12,parseGithubRepo
FN:21,fetchGithubRepo
FNF:2
FNH:2
FNDA:10,parseGithubRepo
FNDA:5,fetchGithubRepo
DA:1,1
DA:12,1
DA:13,10
DA:15,8
DA:16,8
DA:17,10
DA:18,7
DA:19,7
DA:21,5
DA:22,5
DA:23,5
DA:24,4
DA:25,4
DA:26,4
DA:27,4
DA:28,5
DA:29,4
DA:30,5
DA:39,3
DA:40,3
DA:41,5
DA:42,5
DA:43,5
DA:44,5
DA:45,5
DA:46,5
DA:47,5
DA:48,5
LF:28
LH:28
BRDA:12,0,0,10
BRDA:13,1,0,2
BRDA:13,2,0,8
BRDA:17,3,0,1
BRDA:17,4,0,7
BRDA:21,5,0,5
BRDA:23,6,0,1
BRDA:23,7,0,4
BRDA:28,8,0,1
BRDA:28,9,0,4
BRDA:30,10,0,1
BRDA:30,11,0,3
BRDA:41,12,0,1
BRDA:42,13,0,1
BRDA:43,14,0,1
BRDA:44,15,0,1
BRDA:45,16,0,1
BRDA:46,17,0,2
BRDA:46,18,0,2
BRDA:46,19,0,1
BRDA:46,20,0,1
BRF:21
BRH:21
end_of_record
TN:
SF:src/http.ts
FN:9,httpGet
FN:34,sleep
FNF:2
FNH:2
FNDA:4,httpGet
FNDA:1,sleep
DA:1,1
DA:9,4
DA:10,4
DA:11,4
DA:12,4
DA:13,4
DA:14,4
DA:15,4
DA:16,4
DA:17,4
DA:18,5
DA:19,5
DA:20,5
DA:21,5
DA:22,2
DA:23,2
DA:24,5
DA:25,3
DA:26,3
DA:27,1
DA:28,1
DA:29,5
DA:30,4
DA:31,1
DA:32,1
DA:34,1
DA:35,1
DA:36,1
LF:28
LH:28
BRDA:9,0,0,4
BRDA:10,1,0,3
BRDA:15,2,0,1
BRDA:17,3,0,5
BRDA:21,4,0,2
BRDA:24,5,0,3
BRDA:26,6,0,2
BRDA:26,7,0,1
BRDA:29,8,0,3
BRDA:30,9,0,1
BRDA:20,10,0,1
BRDA:34,11,0,1
BRDA:35,12,0,1
BRF:13
BRH:13
end_of_record
TN:
SF:src/npm.ts
FN:44,searchNpm
FN:95,getReadme
FNF:2
FNH:2
FNDA:10,searchNpm
FNDA:9,getReadme
DA:1,1
DA:41,1
DA:42,1
DA:44,10
DA:45,10
DA:46,10
DA:47,10
DA:48,10
DA:49,10
DA:50,10
DA:51,10
DA:52,10
DA:53,7
DA:54,7
DA:55,7
DA:56,10
DA:57,10
DA:58,1
DA:59,1
DA:60,1
DA:61,1
DA:63,7
DA:64,10
DA:65,6
DA:67,10
DA:68,3
DA:69,3
DA:70,3
DA:71,3
DA:72,3
DA:73,3
DA:74,3
DA:75,3
DA:76,3
DA:77,3
DA:78,3
DA:79,3
DA:80,10
DA:82,10
DA:83,10
DA:95,9
DA:96,9
DA:97,9
DA:98,9
DA:99,9
DA:100,9
DA:102,8
DA:103,9
DA:104,9
DA:105,9
DA:106,7
DA:107,9
DA:109,9
DA:110,9
DA:111,9
DA:112,6
DA:114,9
DA:116,9
DA:117,9
DA:118,9
DA:119,9
DA:120,9
DA:121,9
DA:122,9
DA:123,9
LF:65
LH:65
BRDA:44,0,0,10
BRDA:51,1,0,1
BRDA:51,2,0,9
BRDA:52,3,0,8
BRDA:52,4,0,2
BRDA:52,5,0,7
BRDA:56,6,0,1
BRDA:56,7,0,7
BRDA:57,8,0,1
BRDA:61,9,0,7
BRDA:64,10,0,1
BRDA:64,11,0,6
BRDA:67,12,0,1
BRDA:67,13,0,3
BRDA:74,14,0,2
BRDA:75,15,0,2
BRDA:76,16,0,1
BRDA:77,17,0,2
BRDA:78,18,0,2
BRDA:78,19,0,1
BRDA:75,20,0,1
BRDA:95,21,0,9
BRDA:100,22,0,1
BRDA:100,23,0,8
BRDA:103,24,0,2
BRDA:103,25,0,6
BRDA:104,26,0,8
BRDA:105,27,0,1
BRDA:105,28,0,7
BRDA:107,29,0,2
BRDA:107,30,0,6
BRDA:107,31,0,1
BRDA:111,32,0,1
BRDA:111,33,0,6
BRDA:112,34,0,1
BRDA:112,35,0,1
BRDA:112,36,0,7
BRDA:114,37,0,1
BRDA:114,38,0,6
BRDA:117,39,0,1
BRDA:118,40,0,1
BRF:41
BRH:41
end_of_record
TN:
SF:src/snippet.ts
FN:6,extractUsageSnippet
FNF:1
FNH:1
FNDA:9,extractUsageSnippet
DA:6,1
DA:7,9
DA:8,8
DA:10,8
DA:11,9
DA:12,43
DA:13,43
DA:14,43
DA:15,43
DA:17,8
DA:20,8
DA:21,8
DA:22,9
DA:23,26
DA:24,26
DA:25,9
DA:26,9
DA:27,9
DA:28,9
DA:29,9
DA:30,9
DA:31,9
DA:32,9
DA:33,17
DA:34,17
DA:35,9
DA:38,9
DA:39,2
DA:40,2
DA:41,2
DA:42,2
DA:45,5
DA:46,9
DA:48,4
DA:49,9
DA:50,9
LF:36
LH:36
BRDA:6,0,0,9
BRDA:7,1,0,1
BRDA:7,2,0,8
BRDA:11,3,0,43
BRDA:14,4,0,4
BRDA:15,5,0,8
BRDA:22,6,0,26
BRDA:24,7,0,9
BRDA:27,8,0,17
BRDA:27,9,0,8
BRDA:32,10,0,17
BRDA:34,11,0,8
BRDA:35,12,0,1
BRDA:35,13,0,7
BRDA:38,14,0,2
BRDA:42,15,0,8
BRDA:42,16,0,5
BRDA:46,17,0,2
BRDA:46,18,0,8
BRDA:46,19,0,1
BRDA:46,20,0,4
BRDA:49,21,0,3
BRDA:49,22,0,1
BRDA:17,23,0,4
BRDA:40,24,0,2
BRDA:45,25,0,5
BRDA:45,26,0,1
BRDA:48,27,0,5
BRF:28
BRH:28
end_of_record
